2024-04-06 08:39:54,389:INFO:[31m[1mWARNING: This is a development server. Do not use it in a production deployment. Use a production WSGI server instead.[0m
 * Running on http://127.0.0.1:5001
2024-04-06 08:39:54,389:INFO:[33mPress CTRL+C to quit[0m
2024-04-06 08:39:54,400:INFO: * Restarting with stat
2024-04-06 08:39:55,384:WARNING: * Debugger is active!
2024-04-06 08:39:55,388:INFO: * Debugger PIN: 882-270-189
2024-04-06 08:42:21,282:INFO: * Detected change in 'C:\\Users\\PC_\\Downloads\\PRODUCTOS DE DATOS TALLERES\\taller-presencial-jspinedam03\\src\\6b_api_server\\client.example.py', reloading
2024-04-06 08:42:21,409:INFO: * Restarting with stat
2024-04-06 08:42:22,432:WARNING: * Debugger is active!
2024-04-06 08:42:22,436:INFO: * Debugger PIN: 882-270-189
2024-04-06 08:43:23,660:INFO:User values: {'bedrooms': [3], 'bathrooms': [2], 'sqft_living': [1800], 'sqft_lot': [2200], 'floors': [1], 'waterfront': [1], 'condition': [3]}
2024-04-06 08:43:24,490:INFO:Prediction: [1605832.10562042]
2024-04-06 08:43:24,491:INFO:127.0.0.1 - - [06/Apr/2024 08:43:24] "POST / HTTP/1.1" 200 -
2024-04-06 08:45:08,046:INFO:User values: {'bedrooms': [3], 'bathrooms': [2], 'sqft_living': [1800], 'sqft_lot': [2200], 'floors': [1], 'waterfront': [1], 'condition': [3]}
2024-04-06 08:45:08,048:INFO:Prediction: [1605832.10562042]
2024-04-06 08:45:08,049:INFO:127.0.0.1 - - [06/Apr/2024 08:45:08] "POST / HTTP/1.1" 200 -
2024-04-06 09:18:44,618:INFO: * Detected change in 'C:\\Users\\PC_\\Downloads\\PRODUCTOS DE DATOS TALLERES\\taller-presencial-jspinedam03\\src\\6b_api_server\\server.py', reloading
2024-04-06 09:18:44,865:INFO: * Restarting with stat
2024-04-06 09:18:46,137:WARNING: * Debugger is active!
2024-04-06 09:18:46,141:INFO: * Debugger PIN: 882-270-189
